2024-05-30(MyProfile)/VentureSupport/app/build/intermediates/manifest_merge_blame_file/debug/manifest-merger-blame-debug-report.txt
1<?xml version="1.0" encoding="utf-8"?>
2<manifest xmlns:android="http://schemas.android.com/apk/res/android"
3    package="com.example.venturesupport"
4    android:versionCode="1"
5    android:versionName="1.0" >
6
7    <uses-sdk
8        android:minSdkVersion="24"
9        android:targetSdkVersion="34" />
10
11    <uses-permission android:name="android.permission.INTERNET" />
11-->src\main\AndroidManifest.xml:5:5-67
11-->src\main\AndroidManifest.xml:5:22-64
12    <uses-permission android:name="android.permission.ACCESS_NETWORK_STATE" />
12-->src\main\AndroidManifest.xml:6:5-79
12-->src\main\AndroidManifest.xml:6:22-76
13    <uses-permission android:name="android.permission.ACCESS_WIFI_STATE" />
13-->src\main\AndroidManifest.xml:7:5-76
13-->src\main\AndroidManifest.xml:7:22-73
14
15    <uses-feature
15-->[com.google.android.gms:play-services-maps:18.0.2] AndroidManifest.xml:26:5-28:35
16        android:glEsVersion="0x00020000"
16-->[com.google.android.gms:play-services-maps:18.0.2] AndroidManifest.xml:27:9-41
17        android:required="true" />
17-->[com.google.android.gms:play-services-maps:18.0.2] AndroidManifest.xml:28:9-32
18
19    <queries>
19-->[com.google.android.gms:play-services-maps:18.0.2] AndroidManifest.xml:30:5-34:15
20
21        <!-- Needs to be explicitly declared on Android R+ -->
22        <package android:name="com.google.android.apps.maps" />
22-->[com.google.android.gms:play-services-maps:18.0.2] AndroidManifest.xml:33:9-64
22-->[com.google.android.gms:play-services-maps:18.0.2] AndroidManifest.xml:33:18-61
23    </queries>
24
25    <permission
25-->[androidx.core:core:1.13.0] AndroidManifest.xml:22:5-24:47
26        android:name="com.example.venturesupport.DYNAMIC_RECEIVER_NOT_EXPORTED_PERMISSION"
26-->[androidx.core:core:1.13.0] AndroidManifest.xml:23:9-81
27        android:protectionLevel="signature" />
27-->[androidx.core:core:1.13.0] AndroidManifest.xml:24:9-44
28
29    <uses-permission android:name="com.example.venturesupport.DYNAMIC_RECEIVER_NOT_EXPORTED_PERMISSION" />
29-->[androidx.core:core:1.13.0] AndroidManifest.xml:26:5-97
29-->[androidx.core:core:1.13.0] AndroidManifest.xml:26:22-94
30    <uses-permission android:name="com.android.vending.BILLING" />
30-->[com.android.billingclient:billing-ktx:5.0.0] AndroidManifest.xml:9:5-67
30-->[com.android.billingclient:billing-ktx:5.0.0] AndroidManifest.xml:9:22-64
31
32    <application
32-->src\main\AndroidManifest.xml:9:5-49:19
33        android:allowBackup="true"
33-->src\main\AndroidManifest.xml:10:9-35
34        android:appComponentFactory="androidx.core.app.CoreComponentFactory"
34-->[androidx.core:core:1.13.0] AndroidManifest.xml:28:18-86
35        android:dataExtractionRules="@xml/data_extraction_rules"
35-->src\main\AndroidManifest.xml:11:9-65
36        android:debuggable="true"
37        android:extractNativeLibs="false"
38        android:fullBackupContent="@xml/backup_rules"
38-->src\main\AndroidManifest.xml:12:9-54
39        android:icon="@mipmap/ic_launcher"
39-->src\main\AndroidManifest.xml:13:9-43
40        android:label="@string/app_name"
40-->src\main\AndroidManifest.xml:14:9-41
41        android:roundIcon="@mipmap/ic_launcher_round"
41-->src\main\AndroidManifest.xml:15:9-54
42        android:supportsRtl="true"
42-->src\main\AndroidManifest.xml:16:9-35
43        android:theme="@style/Theme.VentureSupport"
43-->src\main\AndroidManifest.xml:17:9-52
44        android:usesCleartextTraffic="true" >
44-->src\main\AndroidManifest.xml:18:9-44
45        <activity
45-->src\main\AndroidManifest.xml:20:9-24:59
46            android:name="com.example.venturesupport.CheckOutActivity"
46-->src\main\AndroidManifest.xml:21:13-45
47            android:exported="false"
47-->src\main\AndroidManifest.xml:22:13-37
48            android:label="CheckOutActivity"
48-->src\main\AndroidManifest.xml:23:13-45
49            android:theme="@style/Theme.VentureSupport" />
49-->src\main\AndroidManifest.xml:24:13-56
50
51        <!-- This element is required to enable Google Pay in your app. -->
52        <meta-data
52-->src\main\AndroidManifest.xml:27:9-29:36
53            android:name="com.google.android.gms.wallet.api.enabled"
53-->src\main\AndroidManifest.xml:28:13-69
54            android:value="true" />
54-->src\main\AndroidManifest.xml:29:13-33
55
56        <activity
56-->src\main\AndroidManifest.xml:31:9-39:20
57            android:name="com.example.venturesupport.MainActivity"
57-->src\main\AndroidManifest.xml:32:13-41
58            android:exported="true" >
58-->src\main\AndroidManifest.xml:33:13-36
59            <intent-filter>
59-->src\main\AndroidManifest.xml:34:13-38:29
60                <action android:name="android.intent.action.MAIN" />
60-->src\main\AndroidManifest.xml:35:17-69
60-->src\main\AndroidManifest.xml:35:25-66
61
62                <category android:name="android.intent.category.LAUNCHER" />
62-->src\main\AndroidManifest.xml:37:17-77
62-->src\main\AndroidManifest.xml:37:27-74
63            </intent-filter>
64        </activity>
65        <activity android:name="com.example.venturesupport.MyProfileActivity" />
65-->src\main\AndroidManifest.xml:40:9-55
65-->src\main\AndroidManifest.xml:40:19-52
66        <activity android:name="com.example.venturesupport.EditProfileActivity" />
66-->src\main\AndroidManifest.xml:41:9-57
66-->src\main\AndroidManifest.xml:41:19-54
67        <activity android:name="com.example.venturesupport.EditMyProfileActivity" />
67-->src\main\AndroidManifest.xml:42:9-59
67-->src\main\AndroidManifest.xml:42:19-56
68        <activity android:name="com.example.venturesupport.PaymentActivity" />
68-->src\main\AndroidManifest.xml:43:9-52
68-->src\main\AndroidManifest.xml:43:19-50
69        <activity android:name="com.example.venturesupport.SalesChartActivity" />
69-->src\main\AndroidManifest.xml:44:9-56
69-->src\main\AndroidManifest.xml:44:19-53
70        <activity android:name="com.example.venturesupport.IncomeChartActivity" />
70-->src\main\AndroidManifest.xml:45:9-57
70-->src\main\AndroidManifest.xml:45:19-54
71        <activity android:name="com.example.venturesupport.ExpenseChartActivity" />
71-->src\main\AndroidManifest.xml:46:9-58
71-->src\main\AndroidManifest.xml:46:19-55
72        <activity android:name="com.example.venturesupport.WarehouseActivity" />
72-->src\main\AndroidManifest.xml:47:9-55
72-->src\main\AndroidManifest.xml:47:19-52
73        <activity android:name="com.example.venturesupport.WarehouseRegistrationActivity" />
73-->src\main\AndroidManifest.xml:48:9-67
73-->src\main\AndroidManifest.xml:48:19-64
74
75        <service
75-->[androidx.room:room-runtime-android:2.7.0-alpha02] AndroidManifest.xml:24:9-28:63
76            android:name="androidx.room.MultiInstanceInvalidationService"
76-->[androidx.room:room-runtime-android:2.7.0-alpha02] AndroidManifest.xml:25:13-74
77            android:directBootAware="true"
77-->[androidx.room:room-runtime-android:2.7.0-alpha02] AndroidManifest.xml:26:13-43
78            android:exported="false" />
78-->[androidx.room:room-runtime-android:2.7.0-alpha02] AndroidManifest.xml:27:13-37
79
80        <provider
80-->[androidx.emoji2:emoji2:1.2.0] AndroidManifest.xml:24:9-32:20
81            android:name="androidx.startup.InitializationProvider"
81-->[androidx.emoji2:emoji2:1.2.0] AndroidManifest.xml:25:13-67
82            android:authorities="com.example.venturesupport.androidx-startup"
82-->[androidx.emoji2:emoji2:1.2.0] AndroidManifest.xml:26:13-68
83            android:exported="false" >
83-->[androidx.emoji2:emoji2:1.2.0] AndroidManifest.xml:27:13-37
84            <meta-data
84-->[androidx.emoji2:emoji2:1.2.0] AndroidManifest.xml:29:13-31:52
85                android:name="androidx.emoji2.text.EmojiCompatInitializer"
85-->[androidx.emoji2:emoji2:1.2.0] AndroidManifest.xml:30:17-75
86                android:value="androidx.startup" />
86-->[androidx.emoji2:emoji2:1.2.0] AndroidManifest.xml:31:17-49
87            <meta-data
87-->[androidx.lifecycle:lifecycle-process:2.8.0] AndroidManifest.xml:29:13-31:52
88                android:name="androidx.lifecycle.ProcessLifecycleInitializer"
88-->[androidx.lifecycle:lifecycle-process:2.8.0] AndroidManifest.xml:30:17-78
89                android:value="androidx.startup" />
89-->[androidx.lifecycle:lifecycle-process:2.8.0] AndroidManifest.xml:31:17-49
90            <meta-data
90-->[androidx.profileinstaller:profileinstaller:1.3.1] AndroidManifest.xml:29:13-31:52
91                android:name="androidx.profileinstaller.ProfileInstallerInitializer"
91-->[androidx.profileinstaller:profileinstaller:1.3.1] AndroidManifest.xml:30:17-85
92                android:value="androidx.startup" />
92-->[androidx.profileinstaller:profileinstaller:1.3.1] AndroidManifest.xml:31:17-49
93        </provider> <!-- Needs to be explicitly declared on P+ -->
94        <uses-library
94-->[com.google.android.gms:play-services-maps:18.0.2] AndroidManifest.xml:39:9-41:40
95            android:name="org.apache.http.legacy"
95-->[com.google.android.gms:play-services-maps:18.0.2] AndroidManifest.xml:40:13-50
96            android:required="false" />
96-->[com.google.android.gms:play-services-maps:18.0.2] AndroidManifest.xml:41:13-37
97
98        <activity
98-->[com.google.android.gms:play-services-base:18.3.0] AndroidManifest.xml:20:9-22:45
99            android:name="com.google.android.gms.common.api.GoogleApiActivity"
99-->[com.google.android.gms:play-services-base:18.3.0] AndroidManifest.xml:20:19-85
100            android:exported="false"
100-->[com.google.android.gms:play-services-base:18.3.0] AndroidManifest.xml:22:19-43
101            android:theme="@android:style/Theme.Translucent.NoTitleBar" />
101-->[com.google.android.gms:play-services-base:18.3.0] AndroidManifest.xml:21:19-78
102
103        <meta-data
103-->[com.google.android.gms:play-services-basement:18.3.0] AndroidManifest.xml:21:9-23:69
104            android:name="com.google.android.gms.version"
104-->[com.google.android.gms:play-services-basement:18.3.0] AndroidManifest.xml:22:13-58
105            android:value="@integer/google_play_services_version" />
105-->[com.google.android.gms:play-services-basement:18.3.0] AndroidManifest.xml:23:13-66
106
107        <receiver
107-->[androidx.profileinstaller:profileinstaller:1.3.1] AndroidManifest.xml:34:9-52:20
108            android:name="androidx.profileinstaller.ProfileInstallReceiver"
108-->[androidx.profileinstaller:profileinstaller:1.3.1] AndroidManifest.xml:35:13-76
109            android:directBootAware="false"
109-->[androidx.profileinstaller:profileinstaller:1.3.1] AndroidManifest.xml:36:13-44
110            android:enabled="true"
110-->[androidx.profileinstaller:profileinstaller:1.3.1] AndroidManifest.xml:37:13-35
111            android:exported="true"
111-->[androidx.profileinstaller:profileinstaller:1.3.1] AndroidManifest.xml:38:13-36
112            android:permission="android.permission.DUMP" >
112-->[androidx.profileinstaller:profileinstaller:1.3.1] AndroidManifest.xml:39:13-57
113            <intent-filter>
113-->[androidx.profileinstaller:profileinstaller:1.3.1] AndroidManifest.xml:40:13-42:29
114                <action android:name="androidx.profileinstaller.action.INSTALL_PROFILE" />
114-->[androidx.profileinstaller:profileinstaller:1.3.1] AndroidManifest.xml:41:17-91
114-->[androidx.profileinstaller:profileinstaller:1.3.1] AndroidManifest.xml:41:25-88
115            </intent-filter>
116            <intent-filter>
116-->[androidx.profileinstaller:profileinstaller:1.3.1] AndroidManifest.xml:43:13-45:29
117                <action android:name="androidx.profileinstaller.action.SKIP_FILE" />
117-->[androidx.profileinstaller:profileinstaller:1.3.1] AndroidManifest.xml:44:17-85
117-->[androidx.profileinstaller:profileinstaller:1.3.1] AndroidManifest.xml:44:25-82
118            </intent-filter>
119            <intent-filter>
119-->[androidx.profileinstaller:profileinstaller:1.3.1] AndroidManifest.xml:46:13-48:29
120                <action android:name="androidx.profileinstaller.action.SAVE_PROFILE" />
120-->[androidx.profileinstaller:profileinstaller:1.3.1] AndroidManifest.xml:47:17-88
120-->[androidx.profileinstaller:profileinstaller:1.3.1] AndroidManifest.xml:47:25-85
121            </intent-filter>
122            <intent-filter>
122-->[androidx.profileinstaller:profileinstaller:1.3.1] AndroidManifest.xml:49:13-51:29
123                <action android:name="androidx.profileinstaller.action.BENCHMARK_OPERATION" />
123-->[androidx.profileinstaller:profileinstaller:1.3.1] AndroidManifest.xml:50:17-95
123-->[androidx.profileinstaller:profileinstaller:1.3.1] AndroidManifest.xml:50:25-92
124            </intent-filter>
125        </receiver>
126
127        <meta-data
127-->[com.android.billingclient:billing:5.0.0] AndroidManifest.xml:13:9-15:37
128            android:name="com.google.android.play.billingclient.version"
128-->[com.android.billingclient:billing:5.0.0] AndroidManifest.xml:14:13-73
129            android:value="5.0.0" />
129-->[com.android.billingclient:billing:5.0.0] AndroidManifest.xml:15:13-34
130
131        <activity
131-->[com.android.billingclient:billing:5.0.0] AndroidManifest.xml:17:9-21:75
132            android:name="com.android.billingclient.api.ProxyBillingActivity"
132-->[com.android.billingclient:billing:5.0.0] AndroidManifest.xml:18:13-78
133            android:configChanges="keyboard|keyboardHidden|screenLayout|screenSize|orientation"
133-->[com.android.billingclient:billing:5.0.0] AndroidManifest.xml:19:13-96
134            android:exported="false"
134-->[com.android.billingclient:billing:5.0.0] AndroidManifest.xml:20:13-37
135            android:theme="@android:style/Theme.Translucent.NoTitleBar" />
135-->[com.android.billingclient:billing:5.0.0] AndroidManifest.xml:21:13-72
136    </application>
137
138</manifest>